<?xml version="1.0" encoding="UTF-8"?>
<!-- Generated by org.testng.reporters.JUnitXMLReporter -->
<testsuite ignored="1" hostname="iBirds" failures="1" tests="1" name="Error Handling Tests" time="0.074" errors="0" timestamp="2025-03-22T21:33:50 IST">
  <testcase classname="SeleniumFrameworkDesign.tests.ErrorValidation" name="submitOrder" time="0.006">
    <failure type="java.lang.NullPointerException" message="Cannot invoke &amp;quot;SeleniumFrameworkDesign.pageobjects.LandingPage.loginInto(String, String)&amp;quot; because &amp;quot;this.landingPage&amp;quot; is null">
      <![CDATA[java.lang.NullPointerException: Cannot invoke "SeleniumFrameworkDesign.pageobjects.LandingPage.loginInto(String, String)" because "this.landingPage" is null
at SeleniumFrameworkDesign.tests.ErrorValidation.submitOrder(ErrorValidation.java:17)
at java.base/java.util.ArrayList.forEach(ArrayList.java:1511)
... Removed 27 stack frames]]>
    </failure>
  </testcase> <!-- submitOrder -->
  <testcase classname="SeleniumFrameworkDesign.tests.ErrorValidation" name="matchProduct" time="0.0">
    <ignored/>
  </testcase> <!-- matchProduct -->
</testsuite> <!-- Error Handling Tests -->
