<?xml version="1.0" encoding="UTF-8"?>
<!-- Generated by org.testng.reporters.JUnitXMLReporter -->
<testsuite ignored="1" hostname="iBirds" failures="1" tests="2" name="Error Validation Test" time="8.622" errors="0" timestamp="2025-04-01T15:33:00 IST">
  <testcase classname="SeleniumFrameworkDesign.tests.ErrorValidation" name="submitOrder" time="0.576">
    <skipped/>
  </testcase> <!-- submitOrder -->
  <testcase classname="SeleniumFrameworkDesign.tests.ErrorValidation" name="submitOrder" time="0.556">
    <failure type="java.lang.AssertionError" message="expected [Incorrect email or password.] but found [Incorrect email  password.]">
      <![CDATA[java.lang.AssertionError: expected [Incorrect email or password.] but found [Incorrect email  password.]
at SeleniumFrameworkDesign.tests.ErrorValidation.submitOrder(ErrorValidation.java:30)
at java.base/java.util.ArrayList.forEach(ArrayList.java:1511)
at java.base/java.util.concurrent.FutureTask.run(FutureTask.java:264)
at java.base/java.util.concurrent.ThreadPoolExecutor.runWorker(ThreadPoolExecutor.java:1136)
at java.base/java.util.concurrent.ThreadPoolExecutor$Worker.run(ThreadPoolExecutor.java:635)
at java.base/java.lang.Thread.run(Thread.java:840)
... Removed 23 stack frames]]>
    </failure>
  </testcase> <!-- submitOrder -->
  <testcase classname="SeleniumFrameworkDesign.tests.ErrorValidation" name="matchProduct" time="0.0">
    <ignored/>
  </testcase> <!-- matchProduct -->
</testsuite> <!-- Error Validation Test -->
