<?xml version="1.0" encoding="UTF-8"?>
<!-- Generated by org.testng.reporters.JUnitXMLReporter -->
<testsuite ignored="2" hostname="iBirds" failures="0" tests="0" time="0.013" errors="0" timestamp="2025-04-01T15:32:51 IST">
  <testcase classname="SeleniumFrameworkDesign.tests.SubmitOrderNewApproachTest2" name="submitOrder" time="0.0">
    <ignored/>
  </testcase> <!-- submitOrder -->
  <testcase classname="SeleniumFrameworkDesign.tests.SubmitOrderNewApproachTest2" name="verifyOrder" time="0.0">
    <ignored/>
  </testcase> <!-- verifyOrder -->
</testsuite>
