<?xml version="1.0" encoding="UTF-8"?>
<!-- Generated by org.testng.reporters.JUnitXMLReporter -->
<testsuite ignored="0" hostname="iBirds" failures="0" tests="3" name="Submit Order Test" time="39.273" errors="0" timestamp="2025-04-01T15:31:23 IST">
  <testcase classname="SeleniumFrameworkDesign.tests.SubmitOrderNewApproachTest2" name="submitOrder" time="10.534"/>
  <testcase classname="SeleniumFrameworkDesign.tests.SubmitOrderNewApproachTest2" name="submitOrder" time="10.587"/>
  <testcase classname="SeleniumFrameworkDesign.tests.SubmitOrderNewApproachTest2" name="verifyOrder" time="0.806"/>
</testsuite> <!-- Submit Order Test -->
