<?xml version="1.0" encoding="UTF-8"?>
<!-- Generated by org.testng.reporters.JUnitReportReporter -->
<testsuite hostname="iBirds" failures="0" tests="2" name="SeleniumFrameworkDesign.tests.SubmitOrderNewApproachTest2" time="29.131" errors="0" timestamp="2025-04-01T15:32:44 IST" skipped="0">
  <testcase classname="SeleniumFrameworkDesign.tests.SubmitOrderNewApproachTest2" name="submitOrder" time="14.304"/>
  <testcase classname="SeleniumFrameworkDesign.tests.SubmitOrderNewApproachTest2" name="submitOrder" time="14.827"/>
</testsuite> <!-- SeleniumFrameworkDesign.tests.SubmitOrderNewApproachTest2 -->
